<?xml version="1.0" encoding="UTF-8"?>
<!-- Generated by org.testng.reporters.JUnitReportReporter -->
<testsuite skipped="0" hostname="ip-172-31-80-97" name="restAPI.PostRquest" tests="1" failures="0" timestamp="03 Dec 2021 07:19:24 GMT" time="1.906" errors="0">
  <testcase name="Postcall" time="1.906" classname="restAPI.PostRquest"/>
</testsuite> <!-- restAPI.PostRquest -->
