<?xml version="1.0" encoding="UTF-8"?>
<!-- Generated by org.testng.reporters.JUnitReportReporter -->
<testsuite skipped="0" hostname="ip-172-31-80-97" name="restAPI.GetRequest" tests="1" failures="0" timestamp="03 Dec 2021 07:08:17 GMT" time="1.519" errors="0">
  <testcase name="getcall" time="1.519" classname="restAPI.GetRequest"/>
</testsuite> <!-- restAPI.GetRequest -->
